<?xml version="1.0" encoding="UTF-8"?>
<testng-results ignored="0" total="1" passed="1" failed="0" skipped="0">
  <reporter-output>
  </reporter-output>
  <suite started-at="2024-01-12T14:38:53 EST" name="Default suite" finished-at="2024-01-12T14:39:04 EST" duration-ms="11763">
    <groups>
    </groups>
    <test started-at="2024-01-12T14:38:53 EST" name="Default test" finished-at="2024-01-12T14:39:04 EST" duration-ms="11763">
      <class name="LandingPage">
        <test-method signature="navigateToWebpage()[pri:0, instance:LandingPage@6cf0e0ba]" started-at="2024-01-12T14:38:53 EST" name="navigateToWebpage" finished-at="2024-01-12T14:39:04 EST" duration-ms="11598" status="PASS">
          <reporter-output>
          </reporter-output>
        </test-method> <!-- navigateToWebpage -->
      </class> <!-- LandingPage -->
    </test> <!-- Default test -->
  </suite> <!-- Default suite -->
</testng-results>
